[debug] [2022-01-07T20:04:43.943Z] ----------------------------------------------------------------------
[debug] [2022-01-07T20:04:43.945Z] Command:       D:\nodejs\node.exe C:\Users\Lenovo\AppData\Roaming\npm\node_modules\firebase-tools\lib\bin\firebase.js init --debug
[debug] [2022-01-07T20:04:43.946Z] CLI Version:   10.0.1
[debug] [2022-01-07T20:04:43.946Z] Platform:      win32
[debug] [2022-01-07T20:04:43.946Z] Node Version:  v16.13.1
[debug] [2022-01-07T20:04:43.948Z] Time:          Sat Jan 08 2022 01:34:43 GMT+0530 (India Standard Time)
[debug] [2022-01-07T20:04:43.948Z] ----------------------------------------------------------------------
[debug] 
[debug] [2022-01-07T20:04:44.012Z] > command requires scopes: ["email","openid","https://www.googleapis.com/auth/cloudplatformprojects.readonly","https://www.googleapis.com/auth/firebase","https://www.googleapis.com/auth/cloud-platform"]
[debug] [2022-01-07T20:04:44.014Z] > authorizing via signed-in user (rihanbagwan5017@gmail.com)
[info] 
     ######## #### ########  ######## ########     ###     ######  ########
     ##        ##  ##     ## ##       ##     ##  ##   ##  ##       ##
     ######    ##  ########  ######   ########  #########  ######  ######
     ##        ##  ##    ##  ##       ##     ## ##     ##       ## ##
     ##       #### ##     ## ######## ########  ##     ##  ######  ########

You're about to initialize a Firebase project in this directory:

  C:\Users\Lenovo\Desktop\Twitter-Clone-main

Before we get started, keep in mind:

  * You are initializing within an existing Firebase project directory

[info] 
=== Project Setup
[info] 
[info] First, let's associate this project directory with a Firebase project.
[info] You can create multiple project aliases by running firebase use --add, 
[info] but for now we'll just set up a default project.
[info] 
[debug] [2022-01-07T20:04:51.787Z] Using project from CLI flag: tweeter-clone-d9aa5
[debug] [2022-01-07T20:04:51.793Z] >>> [apiv2][query] GET https://firebase.googleapis.com/v1beta1/projects/tweeter-clone-d9aa5 [none]
[debug] [2022-01-07T20:04:52.392Z] <<< [apiv2][status] GET https://firebase.googleapis.com/v1beta1/projects/tweeter-clone-d9aa5 200
[debug] [2022-01-07T20:04:52.393Z] <<< [apiv2][body] GET https://firebase.googleapis.com/v1beta1/projects/tweeter-clone-d9aa5 {"projectId":"tweeter-clone-d9aa5","projectNumber":"71986153463","displayName":"tweeter-clone","name":"projects/tweeter-clone-d9aa5","resources":{"hostingSite":"tweeter-clone-d9aa5","storageBucket":"tweeter-clone-d9aa5.appspot.com","locationId":"us-central"},"state":"ACTIVE"}
[info] i  Using project tweeter-clone-d9aa5 (tweeter-clone) 
[info] 
=== Hosting Setup
[info] 
[info] Your public directory is the folder (relative to your project directory) that
[info] will contain Hosting assets to be uploaded with firebase deploy. If you
[info] have a build process for your assets, use your build's output directory.
[info] 
[debug] [2022-01-07T20:05:00.424Z] >>> [apiv2][query] GET https://www.gstatic.com/firebasejs/releases.json [none]
[debug] [2022-01-07T20:05:00.550Z] <<< [apiv2][status] GET https://www.gstatic.com/firebasejs/releases.json 200
[debug] [2022-01-07T20:05:00.551Z] <<< [apiv2][body] GET https://www.gstatic.com/firebasejs/releases.json {"current":{"version":"9.6.1","browserURL":"https://www.gstatic.com/firebasejs/9.6.1/firebase.js","packageURL":"https://www.gstatic.com/firebasejs/9.6.1/firebase.tgz"},"live":{"version":"9.6","browserURL":"https://www.gstatic.com/firebasejs/live/9.6/firebase.js","packageURL":"https://www.gstatic.com/firebasejs/live/9.6/firebase.tgz"},"components":{"analytics":"https://www.gstatic.com/firebasejs/9.6.1/firebase-analytics.js","app":"https://www.gstatic.com/firebasejs/9.6.1/firebase-app.js","app-check":"https://www.gstatic.com/firebasejs/9.6.1/firebase-app-check.js","auth":"https://www.gstatic.com/firebasejs/9.6.1/firebase-auth.js","auth/cordova":"https://www.gstatic.com/firebasejs/9.6.1/firebase-auth/cordova.js","auth/react-native":"https://www.gstatic.com/firebasejs/9.6.1/firebase-auth/react-native.js","functions":"https://www.gstatic.com/firebasejs/9.6.1/firebase-functions.js","firestore":"https://www.gstatic.com/firebasejs/9.6.1/firebase-firestore.js","firestore/lite":"https://www.gstatic.com/firebasejs/9.6.1/firebase-firestore/lite.js","storage":"https://www.gstatic.com/firebasejs/9.6.1/firebase-storage.js","performance":"https://www.gstatic.com/firebasejs/9.6.1/firebase-performance.js","remote-config":"https://www.gstatic.com/firebasejs/9.6.1/firebase-remote-config.js","messaging":"https://www.gstatic.com/firebasejs/9.6.1/firebase-messaging.js","messaging/sw":"https://www.gstatic.com/firebasejs/9.6.1/firebase-messaging/sw.js","database":"https://www.gstatic.com/firebasejs/9.6.1/firebase-database.js","firestore.memory":"https://www.gstatic.com/firebasejs/9.6.1/firebase-firestore.memory.js"}}
[info] +  Wrote build/index.html 
[info] 
[info] i  Detected a .git folder at C:\Users\Lenovo\Desktop\Twitter-Clone-main 
[info] i  Authorizing with GitHub to upload your service account to a GitHub repository's secrets store. 
[info] 
[info] Visit this URL on this device to log in:
[info] https://github.com/login/oauth/authorize?client_id=89cf50f02ac6aaed3484&state=45805956&redirect_uri=http%3A%2F%2Flocalhost%3A9005&scope=read%3Auser%20repo%20public_repo
[info] 
[info] Waiting for authentication...
[debug] [2022-01-07T20:05:05.087Z] >>> HTTP REQUEST POST https://github.com/login/oauth/access_token  
 {"client_id":"89cf50f02ac6aaed3484","client_secret":"3330d14abc895d9a74d5f17cd7a00711fa2c5bf0","code":"a4f88d051edc49734732","redirect_uri":"http://localhost:9005","state":"45805956"}
[debug] [2022-01-07T20:05:06.093Z] <<< HTTP RESPONSE 200 {"server":"GitHub.com","date":"Fri, 07 Jan 2022 20:05:10 GMT","content-type":"application/json; charset=utf-8","transfer-encoding":"chunked","vary":"X-PJAX, X-PJAX-Container, Accept-Encoding, Accept, X-Requested-With","permissions-policy":"interest-cohort=()","etag":"W/\"e34568fcbcbc71824d8610254c500402\"","cache-control":"max-age=0, private, must-revalidate","strict-transport-security":"max-age=31536000; includeSubdomains; preload","x-frame-options":"deny","x-content-type-options":"nosniff","x-xss-protection":"0","referrer-policy":"origin-when-cross-origin, strict-origin-when-cross-origin","expect-ct":"max-age=2592000, report-uri=\"https://api.github.com/_private/browser/errors\"","content-security-policy":"default-src 'none'; base-uri 'self'; block-all-mixed-content; child-src github.com/assets-cdn/worker/ gist.github.com/assets-cdn/worker/; connect-src 'self' uploads.github.com objects-origin.githubusercontent.com www.githubstatus.com collector.githubapp.com api.github.com github-cloud.s3.amazonaws.com github-production-repository-file-5c1aeb.s3.amazonaws.com github-production-upload-manifest-file-7fdce7.s3.amazonaws.com github-production-user-asset-6210df.s3.amazonaws.com cdn.optimizely.com logx.optimizely.com/v1/events translator.github.com wss://alive.github.com; font-src github.githubassets.com; form-action 'self' github.com gist.github.com objects-origin.githubusercontent.com; frame-ancestors 'none'; frame-src render.githubusercontent.com viewscreen.githubusercontent.com notebooks.githubusercontent.com; img-src 'self' data: github.githubassets.com identicons.github.com collector.githubapp.com github-cloud.s3.amazonaws.com secured-user-images.githubusercontent.com/ *.githubusercontent.com; manifest-src 'self'; media-src github.com user-images.githubusercontent.com/; script-src github.githubassets.com; style-src 'unsafe-inline' github.githubassets.com; worker-src github.com/assets-cdn/worker/ gist.github.com/assets-cdn/worker/","x-github-request-id":"EADE:7C7E:31371B:36A9A5:61D89CF6"}
[debug] [2022-01-07T20:05:06.112Z] >>> [apiv2][query] GET https://api.github.com/user [none]
[debug] [2022-01-07T20:05:06.446Z] <<< [apiv2][status] GET https://api.github.com/user 200
[debug] [2022-01-07T20:05:06.447Z] <<< [apiv2][body] GET https://api.github.com/user {"login":"the-iconic-rihan","id":68491627,"node_id":"MDQ6VXNlcjY4NDkxNjI3","avatar_url":"https://avatars.githubusercontent.com/u/68491627?v=4","gravatar_id":"","url":"https://api.github.com/users/the-iconic-rihan","html_url":"https://github.com/the-iconic-rihan","followers_url":"https://api.github.com/users/the-iconic-rihan/followers","following_url":"https://api.github.com/users/the-iconic-rihan/following{/other_user}","gists_url":"https://api.github.com/users/the-iconic-rihan/gists{/gist_id}","starred_url":"https://api.github.com/users/the-iconic-rihan/starred{/owner}{/repo}","subscriptions_url":"https://api.github.com/users/the-iconic-rihan/subscriptions","organizations_url":"https://api.github.com/users/the-iconic-rihan/orgs","repos_url":"https://api.github.com/users/the-iconic-rihan/repos","events_url":"https://api.github.com/users/the-iconic-rihan/events{/privacy}","received_events_url":"https://api.github.com/users/the-iconic-rihan/received_events","type":"User","site_admin":false,"name":"Rihan Bagwan","company":"GH Raisoni college of Engineering and Management","blog":"","location":"Aurangabad","email":null,"hireable":true,"bio":"Don't write better error messages, write code that doesn't need them.","twitter_username":null,"public_repos":25,"public_gists":0,"followers":21,"following":20,"created_at":"2020-07-19T05:06:22Z","updated_at":"2022-01-07T19:55:29Z","private_gists":0,"total_private_repos":3,"owned_private_repos":3,"disk_usage":57794,"collaborators":0,"two_factor_authentication":false,"plan":{"name":"pro","space":976562499,"collaborators":0,"private_repos":9999}}
[info] 
[info] +  Success! Logged into GitHub as the-iconic-rihan 
[info] 
[debug] [2022-01-07T20:06:42.402Z] >>> [apiv2][query] GET https://api.github.com/repos/the-iconic-rihan/actions/secrets/public-key type=owner
[debug] [2022-01-07T20:06:42.410Z] >>> [apiv2][query] GET https://api.github.com/repos///actions/secrets/public-key type=owner
[debug] [2022-01-07T20:06:42.416Z] >>> [apiv2][query] GET https://api.github.com/repos/tweeter_clone/actions/secrets/public-key type=owner
[debug] [2022-01-07T20:06:42.705Z] <<< [apiv2][status] GET https://api.github.com/repos/the-iconic-rihan/actions/secrets/public-key 404
[debug] [2022-01-07T20:06:42.706Z] <<< [apiv2][body] GET https://api.github.com/repos/the-iconic-rihan/actions/secrets/public-key {"message":"Not Found","documentation_url":"https://docs.github.com/rest"}
[debug] [2022-01-07T20:06:42.713Z] <<< [apiv2][status] GET https://api.github.com/repos///actions/secrets/public-key 404
[debug] [2022-01-07T20:06:42.715Z] <<< [apiv2][body] GET https://api.github.com/repos///actions/secrets/public-key {"message":"Not Found","documentation_url":"https://docs.github.com/rest"}
[debug] [2022-01-07T20:06:42.723Z] <<< [apiv2][status] GET https://api.github.com/repos/tweeter_clone/actions/secrets/public-key 404
[debug] [2022-01-07T20:06:42.725Z] <<< [apiv2][body] GET https://api.github.com/repos/tweeter_clone/actions/secrets/public-key {"message":"Not Found","documentation_url":"https://docs.github.com/rest"}
[debug] [2022-01-07T20:06:57.611Z] >>> [apiv2][query] GET https://api.github.com/repos/the-iconic-rihan/actions/secrets/public-key type=owner
[debug] [2022-01-07T20:06:57.617Z] >>> [apiv2][query] GET https://api.github.com/repos///actions/secrets/public-key type=owner
[debug] [2022-01-07T20:06:57.624Z] >>> [apiv2][query] GET https://api.github.com/repos/tweeter_clone/actions/secrets/public-key type=owner
[debug] [2022-01-07T20:06:58.028Z] <<< [apiv2][status] GET https://api.github.com/repos/the-iconic-rihan/actions/secrets/public-key 404
[debug] [2022-01-07T20:06:58.029Z] <<< [apiv2][body] GET https://api.github.com/repos/the-iconic-rihan/actions/secrets/public-key {"message":"Not Found","documentation_url":"https://docs.github.com/rest"}
[debug] [2022-01-07T20:06:58.034Z] <<< [apiv2][status] GET https://api.github.com/repos///actions/secrets/public-key 404
[debug] [2022-01-07T20:06:58.035Z] <<< [apiv2][body] GET https://api.github.com/repos///actions/secrets/public-key {"message":"Not Found","documentation_url":"https://docs.github.com/rest"}
[debug] [2022-01-07T20:06:58.080Z] <<< [apiv2][status] GET https://api.github.com/repos/tweeter_clone/actions/secrets/public-key 404
[debug] [2022-01-07T20:06:58.082Z] <<< [apiv2][body] GET https://api.github.com/repos/tweeter_clone/actions/secrets/public-key {"message":"Not Found","documentation_url":"https://docs.github.com/rest"}
[debug] [2022-01-07T20:07:40.910Z] >>> [apiv2][query] GET https://api.github.com/repos/the-iconic-rihan/tweeter_clone/actions/secrets/public-key type=owner
[debug] [2022-01-07T20:07:41.359Z] <<< [apiv2][status] GET https://api.github.com/repos/the-iconic-rihan/tweeter_clone/actions/secrets/public-key 200
[debug] [2022-01-07T20:07:41.361Z] <<< [apiv2][body] GET https://api.github.com/repos/the-iconic-rihan/tweeter_clone/actions/secrets/public-key {"key_id":"568250167242549743","key":"TP0ngeW3i00vttpxYgiJ3PHLrfTY/WX9bFN2OxFarE4="}
[debug] [2022-01-07T20:07:41.366Z] >>> [apiv2][query] GET https://api.github.com/repos/the-iconic-rihan/tweeter_clone [none]
[debug] [2022-01-07T20:07:41.857Z] <<< [apiv2][status] GET https://api.github.com/repos/the-iconic-rihan/tweeter_clone 200
[debug] [2022-01-07T20:07:41.859Z] <<< [apiv2][body] GET https://api.github.com/repos/the-iconic-rihan/tweeter_clone {"id":445638135,"node_id":"R_kgDOGo_l9w","name":"tweeter_clone","full_name":"the-iconic-rihan/tweeter_clone","private":false,"owner":{"login":"the-iconic-rihan","id":68491627,"node_id":"MDQ6VXNlcjY4NDkxNjI3","avatar_url":"https://avatars.githubusercontent.com/u/68491627?v=4","gravatar_id":"","url":"https://api.github.com/users/the-iconic-rihan","html_url":"https://github.com/the-iconic-rihan","followers_url":"https://api.github.com/users/the-iconic-rihan/followers","following_url":"https://api.github.com/users/the-iconic-rihan/following{/other_user}","gists_url":"https://api.github.com/users/the-iconic-rihan/gists{/gist_id}","starred_url":"https://api.github.com/users/the-iconic-rihan/starred{/owner}{/repo}","subscriptions_url":"https://api.github.com/users/the-iconic-rihan/subscriptions","organizations_url":"https://api.github.com/users/the-iconic-rihan/orgs","repos_url":"https://api.github.com/users/the-iconic-rihan/repos","events_url":"https://api.github.com/users/the-iconic-rihan/events{/privacy}","received_events_url":"https://api.github.com/users/the-iconic-rihan/received_events","type":"User","site_admin":false},"html_url":"https://github.com/the-iconic-rihan/tweeter_clone","description":null,"fork":false,"url":"https://api.github.com/repos/the-iconic-rihan/tweeter_clone","forks_url":"https://api.github.com/repos/the-iconic-rihan/tweeter_clone/forks","keys_url":"https://api.github.com/repos/the-iconic-rihan/tweeter_clone/keys{/key_id}","collaborators_url":"https://api.github.com/repos/the-iconic-rihan/tweeter_clone/collaborators{/collaborator}","teams_url":"https://api.github.com/repos/the-iconic-rihan/tweeter_clone/teams","hooks_url":"https://api.github.com/repos/the-iconic-rihan/tweeter_clone/hooks","issue_events_url":"https://api.github.com/repos/the-iconic-rihan/tweeter_clone/issues/events{/number}","events_url":"https://api.github.com/repos/the-iconic-rihan/tweeter_clone/events","assignees_url":"https://api.github.com/repos/the-iconic-rihan/tweeter_clone/assignees{/user}","branches_url":"https://api.github.com/repos/the-iconic-rihan/tweeter_clone/branches{/branch}","tags_url":"https://api.github.com/repos/the-iconic-rihan/tweeter_clone/tags","blobs_url":"https://api.github.com/repos/the-iconic-rihan/tweeter_clone/git/blobs{/sha}","git_tags_url":"https://api.github.com/repos/the-iconic-rihan/tweeter_clone/git/tags{/sha}","git_refs_url":"https://api.github.com/repos/the-iconic-rihan/tweeter_clone/git/refs{/sha}","trees_url":"https://api.github.com/repos/the-iconic-rihan/tweeter_clone/git/trees{/sha}","statuses_url":"https://api.github.com/repos/the-iconic-rihan/tweeter_clone/statuses/{sha}","languages_url":"https://api.github.com/repos/the-iconic-rihan/tweeter_clone/languages","stargazers_url":"https://api.github.com/repos/the-iconic-rihan/tweeter_clone/stargazers","contributors_url":"https://api.github.com/repos/the-iconic-rihan/tweeter_clone/contributors","subscribers_url":"https://api.github.com/repos/the-iconic-rihan/tweeter_clone/subscribers","subscription_url":"https://api.github.com/repos/the-iconic-rihan/tweeter_clone/subscription","commits_url":"https://api.github.com/repos/the-iconic-rihan/tweeter_clone/commits{/sha}","git_commits_url":"https://api.github.com/repos/the-iconic-rihan/tweeter_clone/git/commits{/sha}","comments_url":"https://api.github.com/repos/the-iconic-rihan/tweeter_clone/comments{/number}","issue_comment_url":"https://api.github.com/repos/the-iconic-rihan/tweeter_clone/issues/comments{/number}","contents_url":"https://api.github.com/repos/the-iconic-rihan/tweeter_clone/contents/{+path}","compare_url":"https://api.github.com/repos/the-iconic-rihan/tweeter_clone/compare/{base}...{head}","merges_url":"https://api.github.com/repos/the-iconic-rihan/tweeter_clone/merges","archive_url":"https://api.github.com/repos/the-iconic-rihan/tweeter_clone/{archive_format}{/ref}","downloads_url":"https://api.github.com/repos/the-iconic-rihan/tweeter_clone/downloads","issues_url":"https://api.github.com/repos/the-iconic-rihan/tweeter_clone/issues{/number}","pulls_url":"https://api.github.com/repos/the-iconic-rihan/tweeter_clone/pulls{/number}","milestones_url":"https://api.github.com/repos/the-iconic-rihan/tweeter_clone/milestones{/number}","notifications_url":"https://api.github.com/repos/the-iconic-rihan/tweeter_clone/notifications{?since,all,participating}","labels_url":"https://api.github.com/repos/the-iconic-rihan/tweeter_clone/labels{/name}","releases_url":"https://api.github.com/repos/the-iconic-rihan/tweeter_clone/releases{/id}","deployments_url":"https://api.github.com/repos/the-iconic-rihan/tweeter_clone/deployments","created_at":"2022-01-07T20:00:11Z","updated_at":"2022-01-07T20:00:11Z","pushed_at":"2022-01-07T20:00:12Z","git_url":"git://github.com/the-iconic-rihan/tweeter_clone.git","ssh_url":"git@github.com:the-iconic-rihan/tweeter_clone.git","clone_url":"https://github.com/the-iconic-rihan/tweeter_clone.git","svn_url":"https://github.com/the-iconic-rihan/tweeter_clone","homepage":null,"size":0,"stargazers_count":0,"watchers_count":0,"language":null,"has_issues":true,"has_projects":true,"has_downloads":true,"has_wiki":true,"has_pages":false,"forks_count":0,"mirror_url":null,"archived":false,"disabled":false,"open_issues_count":0,"license":null,"allow_forking":true,"is_template":false,"topics":[],"visibility":"public","forks":0,"open_issues":0,"watchers":0,"default_branch":"master","permissions":{"admin":true,"maintain":true,"push":true,"triage":true,"pull":true},"temp_clone_token":"","allow_squash_merge":true,"allow_merge_commit":true,"allow_rebase_merge":true,"allow_auto_merge":false,"delete_branch_on_merge":false,"allow_update_branch":false,"network_count":0,"subscribers_count":1}
[debug] [2022-01-07T20:07:41.885Z] > refreshing access token with scopes: ["email","https://www.googleapis.com/auth/cloud-platform","https://www.googleapis.com/auth/cloudplatformprojects.readonly","https://www.googleapis.com/auth/firebase","openid"]
[debug] [2022-01-07T20:07:41.887Z] >>> HTTP REQUEST POST https://www.googleapis.com/oauth2/v3/token  
 <request body omitted>
[debug] [2022-01-07T20:07:42.077Z] <<< HTTP RESPONSE 200 {"pragma":"no-cache","cache-control":"no-cache, no-store, max-age=0, must-revalidate","date":"Fri, 07 Jan 2022 20:07:46 GMT","expires":"Mon, 01 Jan 1990 00:00:00 GMT","content-type":"application/json; charset=utf-8","vary":"X-Origin, Referer, Origin,Accept-Encoding","server":"scaffolding on HTTPServer2","x-xss-protection":"0","x-frame-options":"SAMEORIGIN","x-content-type-options":"nosniff","alt-svc":"h3=\":443\"; ma=2592000,h3-29=\":443\"; ma=2592000,h3-Q050=\":443\"; ma=2592000,h3-Q046=\":443\"; ma=2592000,h3-Q043=\":443\"; ma=2592000,quic=\":443\"; ma=2592000; v=\"46,43\"","accept-ranges":"none","transfer-encoding":"chunked"}
[debug] [2022-01-07T20:07:42.204Z] >>> HTTP REQUEST POST https://iam.googleapis.com/v1/projects/tweeter-clone-d9aa5/serviceAccounts  
 {"accountId":"github-action-445638135","serviceAccount":{"displayName":"GitHub Actions (the-iconic-rihan/tweeter_clone)","description":"A service account with permission to deploy to Firebase Hosting for the GitHub repository the-iconic-rihan/tweeter_clone"}}
[debug] [2022-01-07T20:07:42.412Z] Error: getaddrinfo ENOTFOUND iam.googleapis.com
    at GetAddrInfoReqWrap.onlookup [as oncomplete] (node:dns:71:26)
[error] 
[error] Error: Server Error. getaddrinfo ENOTFOUND iam.googleapis.com
